<?xml version="1.0" encoding="UTF-8" ?>
<testsuite errors="0" failures="0" hostname="jakub" name="neighborhood.RandomNeighborsGeneratorTest" skipped="0" tests="2" time="0.209" timestamp="2016-05-31T14:50:42">
  <properties>
    <property name="libs.jsp-compiler.javadoc" value="" />
    <property name="netbeans.autoupdate.country" value="PL" />
    <property name="nb.wait.for.caches" value="true" />
    <property name="javac.test.classpath" value=":build/classes:/home/jakub/netbeans-8.0.2/platform/modules/ext/junit-4.10.jar" />
    <property name="libs.jsf20.maven-pom" value="" />
    <property name="libs.junit.javadoc" value="/home/jakub/netbeans-8.0.2/java/docs/junit-3.8.2-api.zip" />
    <property name="libs.spring-webmvc4.0.src" value="" />
    <property name="ant.core.lib" value="/home/jakub/netbeans-8.0.2/extide/ant/lib/ant.jar" />
    <property name="javadoc.windowtitle" value="" />
    <property name="libs.jsp-compilation.javadoc" value="" />
    <property name="user.dir" value="/home/jakub/NetBeansProjects/1D Cutting Stock Problem Simulated Annealing" />
    <property name="libs.javaee-api-7.0.src" value="" />
    <property name="java.vm.version" value="25.45-b02" />
    <property name="platforms.JDK_8.compiler" value="modern" />
    <property name="libs.MySQLDriver.classpath" value="/home/jakub/netbeans-8.0.2/ide/modules/ext/mysql-connector-java-5.1.23-bin.jar" />
    <property name="libs.eclipselinkmodelgen.src" value="" />
    <property name="javadoc.notree" value="false" />
    <property name="netbeans.autoupdate.version" value="1.23" />
    <property name="libs.EclipseLink-GlassFish-v3.classpath" value="/home/jakub/glassfish-4.1/glassfish/modules/org.eclipse.persistence.jpa.jpql.jar:/home/jakub/glassfish-4.1/glassfish/modules/org.eclipse.persistence.antlr.jar:/home/jakub/glassfish-4.1/glassfish/modules/org.eclipse.persistence.moxy.jar:/home/jakub/glassfish-4.1/glassfish/modules/org.eclipse.persistence.jpa.jar:/home/jakub/glassfish-4.1/glassfish/modules/org.eclipse.persistence.core.jar:/home/jakub/glassfish-4.1/glassfish/modules/org.eclipse.persistence.jpa.modelgen.processor.jar:/home/jakub/glassfish-4.1/glassfish/modules/org.eclipse.persistence.oracle.jar:/home/jakub/glassfish-4.1/glassfish/modules/org.eclipse.persistence.asm.jar:/home/jakub/glassfish-4.1/glassfish/modules/org.eclipse.persistence.dbws.jar:/home/jakub/glassfish-4.1/glassfish/modules/javax.persistence.jar" />
    <property name="netbeans.running.environment" value="gnome" />
    <property name="libs.javaee-web-api-6.0.classpath" value="/home/jakub/netbeans-8.0.2/enterprise/modules/ext/javaee-web-api-6.0.jar" />
    <property name="libs.Java-EE-GlassFish-v3-Prelude.javadoc" value="/home/jakub/netbeans-8.0.2/enterprise/docs/javaee-doc-api.jar" />
    <property name="javac.profile.cmd.line.arg" value="" />
    <property name="jdk.home" value="/usr/lib/jvm/default-java" />
    <property name="ant.file.type.1D_Cutting_Stock_Problem_Simulated_Annealing" value="file" />
    <property name="libs.javac-api.src" value="" />
    <property name="javadoc.noindex" value="false" />
    <property name="libs.jpa2-persistence.classpath" value="/home/jakub/netbeans-8.0.2/java/modules/ext/hibernate4/hibernate-jpa-2.1-api-1.0.0.Final.jar" />
    <property name="sun.os.patch.level" value="unknown" />
    <property name="libs.Java-EE-GlassFish-v3-Prelude.src" value="" />
    <property name="do.archive+manifest.available" value="true" />
    <property name="java.vm.specification.name" value="Java Virtual Machine Specification" />
    <property name="nb.show.statistics.ui" value="usageStatisticsEnabled" />
    <property name="netbeans.autoupdate.variant" value="" />
    <property name="have.tests" value="true" />
    <property name="org.xml.sax.driver" value="com.sun.org.apache.xerces.internal.jaxp.SAXParserImpl$JAXPSAXParser" />
    <property name="libs.javac-api.javadoc" value="" />
    <property name="os.name" value="Linux" />
    <property name="libs.beans-binding.classpath" value="/home/jakub/netbeans-8.0.2/java/modules/ext/beansbinding-1.2.1.jar" />
    <property name="libs.javaee-endorsed-api-7.0.maven-pom" value="" />
    <property name="ap.proc.none.internal" value="" />
    <property name="libs.restapi.javadoc" value="" />
    <property name="libs.JWSAntTasks.maven-pom" value="" />
    <property name="libs.jstl.classpath" value="/home/jakub/netbeans-8.0.2/enterprise/modules/ext/jstl-impl.jar:/home/jakub/netbeans-8.0.2/enterprise/modules/ext/jstl-api.jar" />
    <property name="libs.testng.src" value="" />
    <property name="libs.spring-webmvc3.0.src" value="" />
    <property name="libs.restapi.classpath" value="/home/jakub/netbeans-8.0.2/enterprise/modules/ext/jaxrs-2.0/javax.ws.rs-api-2.0.jar" />
    <property name="java.vendor.url.bug" value="http://bugreport.sun.com/bugreport/" />
    <property name="libs.jaxb.maven-pom" value="" />
    <property name="os.arch" value="amd64" />
    <property name="libs.eclipselink.src" value="" />
    <property name="user.name" value="jakub" />
    <property name="libs.jsf12.javadoc" value="/home/jakub/netbeans-8.0.2/enterprise/docs/javaee-doc-api.jar" />
    <property name="libs.Comet-GlassFish-v3.javadoc" value="" />
    <property name="copylibs.rebase" value="true" />
    <property name="libs.spring-webmvc3.0.maven-pom" value="" />
    <property name="libs.swing-layout.maven-pom" value="" />
    <property name="sun.java.command" value="org.apache.tools.ant.taskdefs.optional.junit.JUnitTestRunner neighborhood.RandomNeighborsGeneratorTest skipNonTests=false filtertrace=true haltOnError=false haltOnFailure=false showoutput=true outputtoformatters=true logfailedtests=true threadid=0 logtestlistenerevents=true formatter=org.apache.tools.ant.taskdefs.optional.junit.BriefJUnitResultFormatter formatter=org.apache.tools.ant.taskdefs.optional.junit.XMLJUnitResultFormatter,/home/jakub/NetBeansProjects/1D Cutting Stock Problem Simulated Annealing/build/test/results/TEST-neighborhood.RandomNeighborsGeneratorTest.xml crashfile=/home/jakub/NetBeansProjects/1D Cutting Stock Problem Simulated Annealing/build/junitvmwatcher3404756935388440130.properties propsfile=/home/jakub/NetBeansProjects/1D Cutting Stock Problem Simulated Annealing/build/junit4494090413970042705.properties" />
    <property name="build.classes.dir" value="build/classes" />
    <property name="netbeans.accept_license_class" value="org.netbeans.license.AcceptLicense" />
    <property name="build.sysclasspath" value="ignore" />
    <property name="ap.supported.internal" value="true" />
    <property name="libs.javaee-endorsed-api-7.0.javadoc" value="/home/jakub/netbeans-8.0.2/enterprise/docs/javaee-doc-api.jar" />
    <property name="libs.jaxws21.javadoc" value="/home/jakub/netbeans-8.0.2/java/docs/jaxws-api-doc.zip" />
    <property name="libs.spring-webmvc4.0.javadoc" value="" />
    <property name="includes" value="**" />
    <property name="user.country" value="PL" />
    <property name="manifest.file" value="manifest.mf" />
    <property name="javadoc.encoding" value="UTF-8" />
    <property name="platform.home" value="/home/jakub/Pobrane/jdk1.8.0_45" />
    <property name="javac.classpath" value="" />
    <property name="libs.jsp-compilation-syscp.src" value="" />
    <property name="libs.JAVADB_DRIVER_LABEL.src" value="" />
    <property name="platforms.JDK_8.bootclasspath" value="/home/jakub/Pobrane/jdk1.8.0_45/jre/lib/resources.jar:/home/jakub/Pobrane/jdk1.8.0_45/jre/lib/rt.jar:/home/jakub/Pobrane/jdk1.8.0_45/jre/lib/sunrsasign.jar:/home/jakub/Pobrane/jdk1.8.0_45/jre/lib/jsse.jar:/home/jakub/Pobrane/jdk1.8.0_45/jre/lib/jce.jar:/home/jakub/Pobrane/jdk1.8.0_45/jre/lib/charsets.jar:/home/jakub/Pobrane/jdk1.8.0_45/jre/lib/jfr.jar:/home/jakub/Pobrane/jdk1.8.0_45/jre/classes:/home/jakub/Pobrane/jdk1.8.0_45/jre/lib/ext/sunec.jar:/home/jakub/Pobrane/jdk1.8.0_45/jre/lib/ext/zipfs.jar:/home/jakub/Pobrane/jdk1.8.0_45/jre/lib/ext/nashorn.jar:/home/jakub/Pobrane/jdk1.8.0_45/jre/lib/ext/cldrdata.jar:/home/jakub/Pobrane/jdk1.8.0_45/jre/lib/ext/sunjce_provider.jar:/home/jakub/Pobrane/jdk1.8.0_45/jre/lib/ext/jfxrt.jar:/home/jakub/Pobrane/jdk1.8.0_45/jre/lib/ext/localedata.jar:/home/jakub/Pobrane/jdk1.8.0_45/jre/lib/ext/sunpkcs11.jar:/home/jakub/Pobrane/jdk1.8.0_45/jre/lib/ext/dnsns.jar" />
    <property name="libs.spring-framework400.classpath" value="/home/jakub/netbeans-8.0.2/ide/modules/org-apache-commons-logging.jar:/home/jakub/netbeans-8.0.2/java/modules/ext/cglib-2.2.jar:/home/jakub/netbeans-8.0.2/java/modules/ext/spring-4/spring-aop-4.0.1.RELEASE.jar:/home/jakub/netbeans-8.0.2/java/modules/ext/spring-4/spring-aspects-4.0.1.RELEASE.jar:/home/jakub/netbeans-8.0.2/java/modules/ext/spring-4/spring-beans-4.0.1.RELEASE.jar:/home/jakub/netbeans-8.0.2/java/modules/ext/spring-4/spring-build-src-4.0.1.RELEASE.jar:/home/jakub/netbeans-8.0.2/java/modules/ext/spring-4/spring-context-4.0.1.RELEASE.jar:/home/jakub/netbeans-8.0.2/java/modules/ext/spring-4/spring-context-support-4.0.1.RELEASE.jar:/home/jakub/netbeans-8.0.2/java/modules/ext/spring-4/spring-core-4.0.1.RELEASE.jar:/home/jakub/netbeans-8.0.2/java/modules/ext/spring-4/spring-expression-4.0.1.RELEASE.jar:/home/jakub/netbeans-8.0.2/java/modules/ext/spring-4/spring-framework-bom-4.0.1.RELEASE.jar:/home/jakub/netbeans-8.0.2/java/modules/ext/spring-4/spring-instrument-4.0.1.RELEASE.jar:/home/jakub/netbeans-8.0.2/java/modules/ext/spring-4/spring-instrument-tomcat-4.0.1.RELEASE.jar:/home/jakub/netbeans-8.0.2/java/modules/ext/spring-4/spring-jdbc-4.0.1.RELEASE.jar:/home/jakub/netbeans-8.0.2/java/modules/ext/spring-4/spring-jms-4.0.1.RELEASE.jar:/home/jakub/netbeans-8.0.2/java/modules/ext/spring-4/spring-messaging-4.0.1.RELEASE.jar:/home/jakub/netbeans-8.0.2/java/modules/ext/spring-4/spring-orm-4.0.1.RELEASE.jar:/home/jakub/netbeans-8.0.2/java/modules/ext/spring-4/spring-oxm-4.0.1.RELEASE.jar:/home/jakub/netbeans-8.0.2/java/modules/ext/spring-4/spring-test-4.0.1.RELEASE.jar:/home/jakub/netbeans-8.0.2/java/modules/ext/spring-4/spring-tx-4.0.1.RELEASE.jar:/home/jakub/netbeans-8.0.2/java/modules/ext/spring-4/spring-web-4.0.1.RELEASE.jar:/home/jakub/netbeans-8.0.2/java/modules/ext/spring-4/spring-webmvc-4.0.1.RELEASE.jar:/home/jakub/netbeans-8.0.2/java/modules/ext/spring-4/spring-webmvc-portlet-4.0.1.RELEASE.jar:/home/jakub/netbeans-8.0.2/java/modules/ext/spring-4/spring-websocket-4.0.1.RELEASE.jar" />
    <property name="platform.bootcp" value="/home/jakub/Pobrane/jdk1.8.0_45/jre/lib/resources.jar:/home/jakub/Pobrane/jdk1.8.0_45/jre/lib/rt.jar:/home/jakub/Pobrane/jdk1.8.0_45/jre/lib/sunrsasign.jar:/home/jakub/Pobrane/jdk1.8.0_45/jre/lib/jsse.jar:/home/jakub/Pobrane/jdk1.8.0_45/jre/lib/jce.jar:/home/jakub/Pobrane/jdk1.8.0_45/jre/lib/charsets.jar:/home/jakub/Pobrane/jdk1.8.0_45/jre/lib/jfr.jar:/home/jakub/Pobrane/jdk1.8.0_45/jre/classes:/home/jakub/Pobrane/jdk1.8.0_45/jre/lib/ext/sunec.jar:/home/jakub/Pobrane/jdk1.8.0_45/jre/lib/ext/zipfs.jar:/home/jakub/Pobrane/jdk1.8.0_45/jre/lib/ext/nashorn.jar:/home/jakub/Pobrane/jdk1.8.0_45/jre/lib/ext/cldrdata.jar:/home/jakub/Pobrane/jdk1.8.0_45/jre/lib/ext/sunjce_provider.jar:/home/jakub/Pobrane/jdk1.8.0_45/jre/lib/ext/jfxrt.jar:/home/jakub/Pobrane/jdk1.8.0_45/jre/lib/ext/localedata.jar:/home/jakub/Pobrane/jdk1.8.0_45/jre/lib/ext/sunpkcs11.jar:/home/jakub/Pobrane/jdk1.8.0_45/jre/lib/ext/dnsns.jar" />
    <property name="debug-transport" value="dt_socket" />
    <property name="netbeans.home" value="/home/jakub/netbeans-8.0.2/platform" />
    <property name="build.compiler.emacs" value="true" />
    <property name="libs.javaee-web-api-6.0.src" value="" />
    <property name="libs.jsp-compilation-syscp.classpath" value="/home/jakub/netbeans-8.0.2/extide/ant/lib/ant.jar:/home/jakub/netbeans-8.0.2/enterprise/modules/ext/servlet3.1-jsp2.3-api.jar:/home/jakub/netbeans-8.0.2/enterprise/modules/ext/glassfish-jspparser-4.0.jar:/home/jakub/netbeans-8.0.2/enterprise/modules/ext/jstl-impl.jar:/home/jakub/netbeans-8.0.2/enterprise/modules/ext/jsf-2_2/javax.faces.jar" />
    <property name="java.endorsed.dirs" value="/home/jakub/Pobrane/jdk1.8.0_45/jre/lib/endorsed" />
    <property name="libs.Comet-GlassFish-v3.maven-pom" value="" />
    <property name="netbeans.dynamic.classpath" value="/home/jakub/netbeans-8.0.2/platform/core/core.jar:/home/jakub/netbeans-8.0.2/platform/core/org-openide-filesystems.jar:/home/jakub/netbeans-8.0.2/platform/core/locale/org-openide-filesystems_zh_CN.jar:/home/jakub/netbeans-8.0.2/platform/core/locale/org-openide-filesystems_ru.jar:/home/jakub/netbeans-8.0.2/platform/core/locale/org-openide-filesystems_pt_BR.jar:/home/jakub/netbeans-8.0.2/platform/core/locale/core_zh_CN.jar:/home/jakub/netbeans-8.0.2/platform/core/locale/org-openide-filesystems_ja.jar:/home/jakub/netbeans-8.0.2/platform/core/locale/core_ja.jar:/home/jakub/netbeans-8.0.2/platform/core/locale/core_ru.jar:/home/jakub/netbeans-8.0.2/platform/core/locale/core_pt_BR.jar:/home/jakub/netbeans-8.0.2/nb/core/org-netbeans-upgrader.jar:/home/jakub/netbeans-8.0.2/nb/core/locale/org-netbeans-upgrader_zh_CN.jar:/home/jakub/netbeans-8.0.2/nb/core/locale/core_nb_zh_CN.jar:/home/jakub/netbeans-8.0.2/nb/core/locale/core_nb_pt_BR.jar:/home/jakub/netbeans-8.0.2/nb/core/locale/org-netbeans-upgrader_ru.jar:/home/jakub/netbeans-8.0.2/nb/core/locale/core_nb.jar:/home/jakub/netbeans-8.0.2/nb/core/locale/core_nb_ru.jar:/home/jakub/netbeans-8.0.2/nb/core/locale/org-netbeans-upgrader_ja.jar:/home/jakub/netbeans-8.0.2/nb/core/locale/core_nb_ja.jar:/home/jakub/netbeans-8.0.2/nb/core/locale/org-netbeans-upgrader_pt_BR.jar" />
    <property name="java.vm.specification.version" value="1.8" />
    <property name="libs.hibernate4-support.src" value="" />
    <property name="libs.primefaces.classpath" value="/home/jakub/netbeans-8.0.2/enterprise/modules/ext/primefaces/primefaces-5.0.jar" />
    <property name="libs.javaee-api-6.0.classpath" value="/home/jakub/netbeans-8.0.2/enterprise/modules/ext/javaee-api-6.0.jar" />
    <property name="ant.file.1D_Cutting_Stock_Problem_Simulated_Annealing" value="/home/jakub/NetBeansProjects/1D Cutting Stock Problem Simulated Annealing/build.xml" />
    <property name="netbeans.productversion" value="NetBeans IDE 8.0.2 (Build 201411181905)" />
    <property name="libs.jaxws21.src" value="" />
    <property name="do.archive" value="true" />
    <property name="netbeans.autoupdate.language" value="pl" />
    <property name="java.vendor" value="Oracle Corporation" />
    <property name="libs.javaee-api-6.0.javadoc" value="/home/jakub/netbeans-8.0.2/enterprise/docs/javaee-doc-api.jar" />
    <property name="sun.font.fontmanager" value="sun.awt.X11FontManager" />
    <property name="jar.index.metainf" value="false" />
    <property name="platforms.JDK_8.home" value="/home/jakub/Pobrane/jdk1.8.0_45" />
    <property name="javac.debug" value="true" />
    <property name="javadoc.splitindex" value="true" />
    <property name="file.separator" value="/" />
    <property name="libs.Java-EE-GlassFish-v3-Prelude.maven-pom" value="" />
    <property name="libs.junit_4.maven-pom" value="" />
    <property name="mkdist.disabled" value="false" />
    <property name="javac.test.processorpath" value=":build/classes:/home/jakub/netbeans-8.0.2/platform/modules/ext/junit-4.10.jar" />
    <property name="netbeans.buildnumber" value="201411181905" />
    <property name="libs.JWSAntTasks.javadoc" value="" />
    <property name="build.generated.sources.dir" value="build/generated-sources" />
    <property name="libs.eclipselinkmodelgen.classpath" value="/home/jakub/netbeans-8.0.2/java/modules/ext/eclipselink/org.eclipse.persistence.jpa.modelgen_2.5.2.v20140319-9ad6abd.jar" />
    <property name="libs.javaee-endorsed-api-7.0.src" value="" />
    <property name="sun.java.launcher" value="SUN_STANDARD" />
    <property name="libs.junit.classpath" value="/home/jakub/netbeans-8.0.2/java/modules/ext/junit-3.8.2.jar" />
    <property name="libs.hibernate4-persistencemodelgen.javadoc" value="" />
    <property name="libs.jaxb.javadoc" value="/home/jakub/netbeans-8.0.2/ide/docs/jaxb-api-doc.zip" />
    <property name="libs.struts.classpath" value="/home/jakub/netbeans-8.0.2/enterprise/modules/ext/struts/antlr-2.7.2.jar:/home/jakub/netbeans-8.0.2/enterprise/modules/ext/struts/bsf-2.3.0.jar:/home/jakub/netbeans-8.0.2/enterprise/modules/ext/struts/commons-beanutils-1.8.0.jar:/home/jakub/netbeans-8.0.2/enterprise/modules/ext/struts/commons-chain-1.2.jar:/home/jakub/netbeans-8.0.2/enterprise/modules/ext/struts/commons-digester-1.8.jar:/home/jakub/netbeans-8.0.2/enterprise/modules/ext/struts/commons-fileupload-1.1.1.jar:/home/jakub/netbeans-8.0.2/enterprise/modules/ext/struts/commons-io-1.1.jar:/home/jakub/netbeans-8.0.2/enterprise/modules/ext/struts/commons-logging-1.0.4.jar:/home/jakub/netbeans-8.0.2/enterprise/modules/ext/struts/commons-validator-1.3.1.jar:/home/jakub/netbeans-8.0.2/enterprise/modules/ext/struts/jstl-1.0.2.jar:/home/jakub/netbeans-8.0.2/enterprise/modules/ext/struts/oro-2.0.8.jar:/home/jakub/netbeans-8.0.2/enterprise/modules/ext/struts/standard-1.0.6.jar:/home/jakub/netbeans-8.0.2/enterprise/modules/ext/struts/struts-core-1.3.10.jar:/home/jakub/netbeans-8.0.2/enterprise/modules/ext/struts/struts-el-1.3.10.jar:/home/jakub/netbeans-8.0.2/enterprise/modules/ext/struts/struts-extras-1.3.10.jar:/home/jakub/netbeans-8.0.2/enterprise/modules/ext/struts/struts-faces-1.3.10.jar:/home/jakub/netbeans-8.0.2/enterprise/modules/ext/struts/struts-mailreader-dao-1.3.10.jar:/home/jakub/netbeans-8.0.2/enterprise/modules/ext/struts/struts-scripting-1.3.10.jar:/home/jakub/netbeans-8.0.2/enterprise/modules/ext/struts/struts-taglib-1.3.10.jar:/home/jakub/netbeans-8.0.2/enterprise/modules/ext/struts/struts-tiles-1.3.10.jar" />
    <property name="ant.home" value="/home/jakub/netbeans-8.0.2/extide/ant" />
    <property name="libs.junit_4.src" value="/home/jakub/netbeans-8.0.2/java/docs/junit-4.10-sources.jar" />
    <property name="libs.testng.classpath" value="/home/jakub/netbeans-8.0.2/platform/modules/ext/testng-6.8.1-dist.jar" />
    <property name="libs.absolutelayout.maven-pom" value="" />
    <property name="ant.java.version" value="1.7" />
    <property name="java.library.path" value="/usr/lib/jvm/default-java/jre/lib/amd64:/usr/lib/jvm/default-java/jre/lib/i386::/usr/java/packages/lib/amd64:/usr/lib64:/lib64:/lib:/usr/lib" />
    <property name="javadoc.author" value="false" />
    <property name="libs.metro.maven-pom" value="" />
    <property name="libs.EclipseLink-GlassFish-v3.src" value="" />
    <property name="java.util.logging.config.class" value="org.netbeans.core.startup.TopLogging" />
    <property name="libs.spring-framework400.src" value="" />
    <property name="libs.PostgreSQLDriver.src" value="" />
    <property name="sun.arch.data.model" value="64" />
    <property name="basedir" value="/home/jakub/NetBeansProjects/1D Cutting Stock Problem Simulated Annealing" />
    <property name="libs.jpa20-persistence.maven-pom" value="" />
    <property name="jar.compress" value="false" />
    <property name="libs.javaee-web-api-7.0.classpath" value="/home/jakub/netbeans-8.0.2/enterprise/modules/ext/javaee-web-api-7.0.jar" />
    <property name="path.separator" value=":" />
    <property name="libs.javaee-web-api-6.0.javadoc" value="/home/jakub/netbeans-8.0.2/enterprise/docs/javaee-doc-api.jar" />
    <property name="ant.junit.enabletestlistenerevents" value="true" />
    <property name="platform.javac" value="/home/jakub/Pobrane/jdk1.8.0_45/bin/javac" />
    <property name="sun.io.unicode.encoding" value="UnicodeLittle" />
    <property name="libs.jaxws21.classpath" value="/home/jakub/netbeans-8.0.2/ide/modules/ext/jaxb/jaxb-impl.jar:/home/jakub/netbeans-8.0.2/ide/modules/ext/jaxb/jaxb-xjc.jar:/home/jakub/netbeans-8.0.2/java/modules/ext/jaxws22/FastInfoset.jar:/home/jakub/netbeans-8.0.2/java/modules/ext/jaxws22/gmbal-api-only.jar:/home/jakub/netbeans-8.0.2/java/modules/ext/jaxws22/ha-api.jar:/home/jakub/netbeans-8.0.2/java/modules/ext/jaxws22/javax.mail_1.4.jar:/home/jakub/netbeans-8.0.2/java/modules/ext/jaxws22/jaxws-rt.jar:/home/jakub/netbeans-8.0.2/java/modules/ext/jaxws22/jaxws-tools.jar:/home/jakub/netbeans-8.0.2/java/modules/ext/jaxws22/management-api.jar:/home/jakub/netbeans-8.0.2/java/modules/ext/jaxws22/mimepull.jar:/home/jakub/netbeans-8.0.2/java/modules/ext/jaxws22/policy.jar:/home/jakub/netbeans-8.0.2/java/modules/ext/jaxws22/saaj-impl.jar:/home/jakub/netbeans-8.0.2/java/modules/ext/jaxws22/stax-ex.jar:/home/jakub/netbeans-8.0.2/java/modules/ext/jaxws22/stax2-api.jar:/home/jakub/netbeans-8.0.2/java/modules/ext/jaxws22/streambuffer.jar:/home/jakub/netbeans-8.0.2/java/modules/ext/jaxws22/woodstox-core-asl.jar:/home/jakub/netbeans-8.0.2/java/modules/ext/jaxws22/api/jaxws-api.jar:/home/jakub/netbeans-8.0.2/java/modules/ext/jaxws22/api/jsr181-api.jar:/home/jakub/netbeans-8.0.2/java/modules/ext/jaxws22/api/javax.annotation.jar:/home/jakub/netbeans-8.0.2/java/modules/ext/jaxws22/api/saaj-api.jar:/home/jakub/netbeans-8.0.2/ide/modules/ext/jaxb/activation.jar:/home/jakub/netbeans-8.0.2/ide/modules/ext/jaxb/api/jaxb-api.jar:/home/jakub/netbeans-8.0.2/ide/modules/ext/jaxb/api/jsr173_1.0_api.jar" />
    <property name="libs.struts.src" value="" />
    <property name="compile.on.save" value="true" />
    <property name="apple.awt.graphics.UseQuartz" value="true" />
    <property name="user.language" value="pl" />
    <property name="testng.mode" value="testng" />
    <property name="libs.JAXB-ENDORSED.maven-pom" value="" />
    <property name="libs.eclipselink.maven-pom" value="" />
    <property name="test.binaryincludes" value="&lt;nothing&gt;" />
    <property name="manifest.available" value="true" />
    <property name="libs.primefaces.javadoc" value="" />
    <property name="libs.spring-framework300.maven-pom" value="" />
    <property name="run.test.classpath" value=":build/classes:/home/jakub/netbeans-8.0.2/platform/modules/ext/junit-4.10.jar:build/test/classes" />
    <property name="ant.project.invoked-targets" value="test" />
    <property name="test.binaryexcludes" value="" />
    <property name="libs.swing-layout.javadoc" value="/home/jakub/netbeans-8.0.2/platform/docs/swing-layout-1.0.4-doc.zip" />
    <property name="sun.java2d.dpiaware" value="true" />
    <property name="libs.hibernate4-persistence.maven-pom" value="" />
    <property name="https.nonProxyHosts" value="localhost|127.0.0.1|jakub" />
    <property name="libs.PostgreSQLDriver.maven-pom" value="" />
    <property name="java.class.version" value="52.0" />
    <property name="libs.JAVADB_DRIVER_LABEL.classpath" value="/home/jakub/glassfish-4.1/javadb/lib/derby.jar:/home/jakub/glassfish-4.1/javadb/lib/derbyclient.jar:/home/jakub/glassfish-4.1/javadb/lib/derbynet.jar" />
    <property name="libs.hibernate4-persistencemodelgen.maven-pom" value="" />
    <property name="libs.javaee-endorsed-api-6.0.src" value="" />
    <property name="libs.eclipselink.javadoc" value="/home/jakub/netbeans-8.0.2/java/modules/ext/docs/javax.persistence-2.1.0-doc.zip" />
    <property name="libs.jsp-compilation.maven-pom" value="" />
    <property name="user.properties.file" value="/home/jakub/.netbeans/8.0.2/build.properties" />
    <property name="runtime.encoding" value="UTF-8" />
    <property name="libs.javac-api.maven-pom" value="" />
    <property name="file.encoding.pkg" value="sun.io" />
    <property name="sun.cpu.endian" value="little" />
    <property name="libs.JAXB-ENDORSED.javadoc" value="" />
    <property name="libs.JWSAntTasks.classpath" value="/home/jakub/netbeans-8.0.2/java/ant/extra/org-netbeans-modules-javawebstart-anttasks.jar" />
    <property name="libs.spring-webmvc4.0.maven-pom" value="" />
    <property name="libs.spring-framework300.src" value="" />
    <property name="libs.jstl.src" value="" />
    <property name="empty.dir" value="/home/jakub/NetBeansProjects/1D Cutting Stock Problem Simulated Annealing/build/empty" />
    <property name="version-output" value="java version &quot;1.8.0_45&quot;&#xa;Java(TM) SE Runtime Environment (build 1.8.0_45-b14)&#xa;Java HotSpot(TM) 64-Bit Server VM (build 25.45-b02, mixed mode)" />
    <property name="test.binarytestincludes" value="" />
    <property name="libs.hibernate4-persistencemodelgen.src" value="" />
    <property name="javadoc.preview" value="true" />
    <property name="libs.jpa20-persistence.javadoc" value="/home/jakub/netbeans-8.0.2/java/modules/ext/docs/javax.persistence-2.1.0-doc.zip" />
    <property name="nbplatform.default.harness.dir" value="/home/jakub/netbeans-8.0.2/harness" />
    <property name="java.home" value="/home/jakub/Pobrane/jdk1.8.0_45/jre" />
    <property name="libs.jsp-compilation.src" value="" />
    <property name="debug.test.classpath" value=":build/classes:/home/jakub/netbeans-8.0.2/platform/modules/ext/junit-4.10.jar:build/test/classes" />
    <property name="libs.javaee-endorsed-api-6.0.classpath" value="/home/jakub/netbeans-8.0.2/enterprise/modules/ext/javaee6-endorsed/javax.annotation.jar:/home/jakub/netbeans-8.0.2/enterprise/modules/ext/javaee6-endorsed/jaxb-api-osgi.jar:/home/jakub/netbeans-8.0.2/enterprise/modules/ext/javaee6-endorsed/webservices-api-osgi.jar" />
    <property name="libs.javaee-api-6.0.src" value="" />
    <property name="netbeans.importclass" value="org.netbeans.upgrade.AutoUpgrade" />
    <property name="ant.project.default-target" value="default" />
    <property name="annotation.processing.run.all.processors" value="true" />
    <property name="libs.PostgreSQLDriver.javadoc" value="" />
    <property name="libs.restlib.classpath" value="/home/jakub/netbeans-8.0.2/enterprise/modules/ext/jersey2/ext/asm-all-repackaged-2.2.0-b21.jar:/home/jakub/netbeans-8.0.2/enterprise/modules/ext/jersey2/ext/cglib-2.2.0-b21.jar:/home/jakub/netbeans-8.0.2/enterprise/modules/ext/jersey2/ext/guava-14.0.1.jar:/home/jakub/netbeans-8.0.2/enterprise/modules/ext/jersey2/ext/hk2-api-2.2.0-b21.jar:/home/jakub/netbeans-8.0.2/enterprise/modules/ext/jersey2/ext/hk2-locator-2.2.0-b21.jar:/home/jakub/netbeans-8.0.2/enterprise/modules/ext/jersey2/ext/hk2-utils-2.2.0-b21.jar:/home/jakub/netbeans-8.0.2/enterprise/modules/ext/jersey2/ext/javax.annotation-api-1.2.jar:/home/jakub/netbeans-8.0.2/enterprise/modules/ext/jersey2/ext/javax.inject-2.2.0-b21.jar:/home/jakub/netbeans-8.0.2/enterprise/modules/ext/jersey2/ext/javax.servlet-api-3.0.1.jar:/home/jakub/netbeans-8.0.2/enterprise/modules/ext/jersey2/ext/jaxb-api-2.2.7.jar:/home/jakub/netbeans-8.0.2/enterprise/modules/ext/jersey2/ext/jersey-entity-filtering-2.5.1.jar:/home/jakub/netbeans-8.0.2/enterprise/modules/ext/jersey2/ext/jersey-media-moxy-2.5.1.jar:/home/jakub/netbeans-8.0.2/enterprise/modules/ext/jersey2/ext/org.osgi.core-4.2.0.jar:/home/jakub/netbeans-8.0.2/enterprise/modules/ext/jersey2/ext/osgi-resource-locator-1.0.1.jar:/home/jakub/netbeans-8.0.2/enterprise/modules/ext/jersey2/ext/persistence-api-1.0.jar:/home/jakub/netbeans-8.0.2/enterprise/modules/ext/jersey2/ext/validation-api-1.1.0.Final.jar:/home/jakub/netbeans-8.0.2/enterprise/modules/ext/jersey2/jersey-client.jar:/home/jakub/netbeans-8.0.2/enterprise/modules/ext/jersey2/jersey-common.jar:/home/jakub/netbeans-8.0.2/enterprise/modules/ext/jersey2/jersey-container-servlet.jar:/home/jakub/netbeans-8.0.2/enterprise/modules/ext/jersey2/jersey-container-servlet-core.jar:/home/jakub/netbeans-8.0.2/enterprise/modules/ext/jersey2/jersey-server.jar:/home/jakub/netbeans-8.0.2/java/modules/ext/eclipselink/eclipselink.jar" />
    <property name="libs.MySQLDriver.maven-pom" value="" />
    <property name="nb.useSwingHtmlRendering" value="true" />
    <property name="libs.hibernate4-persistence.javadoc" value="/home/jakub/netbeans-8.0.2/java/modules/ext/docs/javax.persistence-2.1.0-doc.zip" />
    <property name="http.nonProxyHosts" value="localhost|127.0.0.1|jakub" />
    <property name="libs.junit_4.javadoc" value="/home/jakub/netbeans-8.0.2/java/docs/junit-4.10-javadoc.jar" />
    <property name="libs.EclipseLink-GlassFish-v3.maven-pom" value="" />
    <property name="libs.javaee-web-api-6.0.maven-pom" value="" />
    <property name="run.classpath" value=":build/classes" />
    <property name="jna.boot.library.name" value="jnidispatch-410" />
    <property name="libs.javaee-endorsed-api-6.0.javadoc" value="/home/jakub/netbeans-8.0.2/enterprise/docs/javaee-doc-api.jar" />
    <property name="libs.javaee-api-7.0.classpath" value="/home/jakub/netbeans-8.0.2/enterprise/modules/ext/javaee-api-7.0.jar" />
    <property name="sun.awt.datatransfer.timeout" value="1000" />
    <property name="libs.spring-webmvc3.0.javadoc" value="" />
    <property name="libs.jpa2-persistence.maven-pom" value="" />
    <property name="annotation.processing.enabled.in.editor" value="false" />
    <property name="libs.hibernate4-support.classpath" value="/home/jakub/netbeans-8.0.2/java/modules/ext/hibernate4/antlr-2.7.7.jar:/home/jakub/netbeans-8.0.2/java/modules/ext/hibernate4/c3p0-0.9.2.1.jar:/home/jakub/netbeans-8.0.2/java/modules/ext/hibernate4/hibernate-c3p0-4.3.1.Final.jar:/home/jakub/netbeans-8.0.2/java/modules/ext/hibernate4/mchange-commons-java-0.2.3.4.jar:/home/jakub/netbeans-8.0.2/java/modules/ext/hibernate4/dom4j-1.6.1.jar:/home/jakub/netbeans-8.0.2/java/modules/ext/hibernate4/ehcache-core-2.4.3.jar:/home/jakub/netbeans-8.0.2/java/modules/ext/hibernate4/hibernate-ehcache-4.3.1.Final.jar:/home/jakub/netbeans-8.0.2/java/modules/ext/hibernate4/hibernate-core-4.3.1.Final.jar:/home/jakub/netbeans-8.0.2/java/modules/ext/hibernate4/jboss-logging-3.1.3.GA.jar:/home/jakub/netbeans-8.0.2/java/modules/ext/hibernate4/hibernate-commons-annotations-4.0.4.Final.jar:/home/jakub/netbeans-8.0.2/java/modules/ext/hibernate4/hibernate-entitymanager-4.3.1.Final.jar:/home/jakub/netbeans-8.0.2/java/modules/ext/hibernate4/javassist-3.18.1-GA.jar:/home/jakub/netbeans-8.0.2/java/modules/ext/hibernate4/jboss-transaction-api_1.2_spec-1.0.0.Final.jar:/home/jakub/netbeans-8.0.2/java/modules/ext/hibernate4/slf4j-api-1.6.1.jar:/home/jakub/netbeans-8.0.2/java/modules/ext/hibernate4/slf4j-simple-1.6.1.jar" />
    <property name="nb.native.filechooser" value="true" />
    <property name="libs.restapi.src" value="" />
    <property name="sun.management.compiler" value="HotSpot 64-Bit Tiered Compilers" />
    <property name="javac.deprecation" value="false" />
    <property name="javadoc.use" value="true" />
    <property name="sun.java2d.noddraw" value="true" />
    <property name="libs.jsp-compiler.classpath" value="/home/jakub/netbeans-8.0.2/enterprise/ant/extra/jspcompile.jar" />
    <property name="javac.processorpath" value="" />
    <property name="javac.compilerargs" value="" />
    <property name="ant.file" value="/home/jakub/NetBeansProjects/1D Cutting Stock Problem Simulated Annealing/build.xml" />
    <property name="libs.beans-binding.maven-pom" value="" />
    <property name="libs.hibernate4-support.javadoc" value="/home/jakub/netbeans-8.0.2/java/modules/ext/docs/javax.persistence-2.1.0-doc.zip" />
    <property name="libs.jsf12.classpath" value="/home/jakub/netbeans-8.0.2/enterprise/modules/ext/jsf-1_2/commons-beanutils.jar:/home/jakub/netbeans-8.0.2/enterprise/modules/ext/jsf-1_2/commons-collections.jar:/home/jakub/netbeans-8.0.2/enterprise/modules/ext/jsf-1_2/commons-digester.jar:/home/jakub/netbeans-8.0.2/enterprise/modules/ext/jsf-1_2/commons-logging.jar:/home/jakub/netbeans-8.0.2/enterprise/modules/ext/jsf-1_2/jsf-api.jar:/home/jakub/netbeans-8.0.2/enterprise/modules/ext/jsf-1_2/jsf-impl.jar" />
    <property name="ant.file.type.1D_Cutting_Stock_Problem_Simulated_Annealing-impl" value="file" />
    <property name="libs.Java-EE-GlassFish-v3-Prelude.classpath" value="/home/jakub/glassfish-4.1/mq/lib/jaxm-api.jar:/home/jakub/glassfish-4.1/glassfish/modules/endorsed/webservices-api-osgi.jar:/home/jakub/glassfish-4.1/glassfish/modules/endorsed/javax.annotation-api.jar:/home/jakub/glassfish-4.1/glassfish/modules/endorsed/jaxb-api.jar:/home/jakub/glassfish-4.1/glassfish/modules/javax.jms-api.jar:/home/jakub/glassfish-4.1/glassfish/modules/javax.faces.jar:/home/jakub/glassfish-4.1/glassfish/modules/javax.enterprise.concurrent-api.jar:/home/jakub/glassfish-4.1/glassfish/modules/javax.security.jacc-api.jar:/home/jakub/glassfish-4.1/glassfish/modules/javax.resource-api.jar:/home/jakub/glassfish-4.1/glassfish/modules/javax.json.jar:/home/jakub/glassfish-4.1/glassfish/modules/javax.xml.registry-api.jar:/home/jakub/glassfish-4.1/glassfish/modules/javax.management.j2ee-api.jar:/home/jakub/glassfish-4.1/glassfish/modules/javax.persistence.jar:/home/jakub/glassfish-4.1/glassfish/modules/javax.interceptor-api.jar:/home/jakub/glassfish-4.1/glassfish/modules/javax.enterprise.deploy-api.jar:/home/jakub/glassfish-4.1/glassfish/modules/javax.ws.rs-api.jar:/home/jakub/glassfish-4.1/glassfish/modules/javax.transaction-api.jar:/home/jakub/glassfish-4.1/glassfish/modules/javax.el.jar:/home/jakub/glassfish-4.1/glassfish/modules/javax.inject.jar:/home/jakub/glassfish-4.1/glassfish/modules/weld-osgi-bundle.jar:/home/jakub/glassfish-4.1/glassfish/modules/javax.servlet.jsp.jstl.jar:/home/jakub/glassfish-4.1/glassfish/modules/javax.servlet-api.jar:/home/jakub/glassfish-4.1/glassfish/modules/javax.mail.jar:/home/jakub/glassfish-4.1/glassfish/modules/bean-validator.jar:/home/jakub/glassfish-4.1/glassfish/modules/javax.websocket-api.jar:/home/jakub/glassfish-4.1/glassfish/modules/javax.servlet.jsp.jar:/home/jakub/glassfish-4.1/glassfish/modules/javax.security.auth.message-api.jar:/home/jakub/glassfish-4.1/glassfish/modules/webservices-osgi.jar:/home/jakub/glassfish-4.1/glassfish/modules/javax.enterprise.concurrent.jar:/home/jakub/glassfish-4.1/glassfish/modules/javax.servlet.jsp.jstl-api.jar:/home/jakub/glassfish-4.1/glassfish/modules/javax.batch-api.jar:/home/jakub/glassfish-4.1/glassfish/modules/javax.xml.rpc-api.jar:/home/jakub/glassfish-4.1/glassfish/modules/javax.ejb-api.jar:/home/jakub/glassfish-4.1/glassfish/modules/javax.servlet.jsp-api.jar:/home/jakub/glassfish-4.1/glassfish/modules/jaxb-osgi.jar" />
    <property name="libs.jstl.maven-pom" value="" />
    <property name="libs.restapi.maven-pom" value="" />
    <property name="libs.beans-binding.src" value="" />
    <property name="java.vm.specification.vendor" value="Oracle Corporation" />
    <property name="libs.swing-layout.src" value="/home/jakub/netbeans-8.0.2/platform/docs/swing-layout-1.0.4-src.zip" />
    <property name="org.openide.major.version" value="IDE/1" />
    <property name="java.vm.name" value="Java HotSpot(TM) 64-Bit Server VM" />
    <property name="netbeans.user" value="/home/jakub/.netbeans/8.0.2" />
    <property name="javadoc.additionalparam" value="" />
    <property name="java.io.tmpdir" value="/tmp" />
    <property name="java.vendor.url" value="http://java.oracle.com/" />
    <property name="endorsed.classpath.cmd.line.arg" value="" />
    <property name="junit.available" value="true" />
    <property name="libs.jsp-compiler.src" value="" />
    <property name="org.openide.awt.ActionReference.completion" value="org.netbeans.modules.apisupport.project.layers.PathCompletions" />
    <property name="sun.boot.library.path" value="/home/jakub/Pobrane/jdk1.8.0_45/jre/lib/amd64" />
    <property name="have.sources" value="true" />
    <property name="debug.classpath" value=":build/classes" />
    <property name="javadoc.private" value="false" />
    <property name="test.src.dir" value="test" />
    <property name="libs.jsf20.classpath" value="/home/jakub/netbeans-8.0.2/enterprise/modules/ext/jsf-2_2/javax.faces.jar" />
    <property name="ap.processors.internal" value="" />
    <property name="meta.inf.dir" value="src/META-INF" />
    <property name="javadoc.encoding.used" value="UTF-8" />
    <property name="dist.jar" value="dist/1D_Cutting_Stock_Problem_Simulated_Annealing.jar" />
    <property name="libs.spring-framework400.maven-pom" value="" />
    <property name="java.runtime.name" value="Java(TM) SE Runtime Environment" />
    <property name="ant.project.name" value="1D_Cutting_Stock_Problem_Simulated_Annealing" />
    <property name="netbeans.hash.code" value="unique=NB_EXTIDE_GFMOD_JAVA_TOMCAT_WEBCOMMON_WEBEE015c579d0-6c41-4360-85db-aac397a2be63_01fe3b17-5f4c-4d89-ad7c-e9709c5ce16f" />
    <property name="ant.file.1D_Cutting_Stock_Problem_Simulated_Annealing-impl" value="/home/jakub/NetBeansProjects/1D Cutting Stock Problem Simulated Annealing/nbproject/build-impl.xml" />
    <property name="netbeans.default_userdir_root" value="/home/jakub/.netbeans" />
    <property name="libs.jsp-compilation-syscp.maven-pom" value="" />
    <property name="platform.javadoc" value="/home/jakub/Pobrane/jdk1.8.0_45/bin/javadoc" />
    <property name="platform.javadoc.tmp" value="${platforms.JDK_8.javadoc}" />
    <property name="sun.cpu.isalist" value="" />
    <property name="libs.spring-framework400.javadoc" value="" />
    <property name="libs.CopyLibs.javadoc" value="" />
    <property name="platform.compiler" value="${platforms.JDK_8.compile}" />
    <property name="org.openide.specification.version" value="6.2" />
    <property name="user.home" value="/home/jakub" />
    <property name="annotation.processing.processors.list" value="" />
    <property name="libs.primefaces.maven-pom" value="" />
    <property name="debug-args-line" value="-Xdebug" />
    <property name="libs.javaee-api-6.0.maven-pom" value="" />
    <property name="platform.javac.tmp" value="${platforms.JDK_8.javac}" />
    <property name="libs.JWSAntTasks.src" value="" />
    <property name="jar.index" value="false" />
    <property name="libs.CopyLibs.maven-pom" value="" />
    <property name="libs.spring-framework300.javadoc" value="" />
    <property name="libs.absolutelayout.javadoc" value="" />
    <property name="guice.disable.misplaced.annotation.check" value="true" />
    <property name="java.specification.name" value="Java Platform API Specification" />
    <property name="do.archive+main.class.available" value="true" />
    <property name="java.specification.vendor" value="Oracle Corporation" />
    <property name="libs.javac-api.classpath" value="/home/jakub/netbeans-8.0.2/java/modules/ext/nb-javac-api.jar" />
    <property name="java.version" value="1.8.0_45" />
    <property name="run.jvmargs.ide" value="" />
    <property name="javadoc.version" value="false" />
    <property name="libs.MySQLDriver.javadoc" value="" />
    <property name="org.openide.version" value="deprecated" />
    <property name="platform.java" value="/home/jakub/Pobrane/jdk1.8.0_45/bin/java" />
    <property name="source.encoding" value="UTF-8" />
    <property name="ap.cmd.line.internal" value="" />
    <property name="libs.eclipselinkmodelgen.maven-pom" value="" />
    <property name="libs.jsp-compilation-syscp.javadoc" value="" />
    <property name="libs.junit.maven-pom" value="" />
    <property name="libs.javaee-endorsed-api-7.0.classpath" value="/home/jakub/netbeans-8.0.2/enterprise/modules/ext/javaee7-endorsed/javax.annotation-api.jar:/home/jakub/netbeans-8.0.2/enterprise/modules/ext/javaee7-endorsed/javax.xml.soap-api.jar:/home/jakub/netbeans-8.0.2/enterprise/modules/ext/javaee7-endorsed/jaxb-api-osgi.jar:/home/jakub/netbeans-8.0.2/enterprise/modules/ext/javaee7-endorsed/jaxws-api.jar:/home/jakub/netbeans-8.0.2/enterprise/modules/ext/javaee7-endorsed/jsr181-api.jar" />
    <property name="libs.eclipselinkmodelgen.javadoc" value="" />
    <property name="libs.metro.javadoc" value="/home/jakub/netbeans-8.0.2/enterprise/docs/metro-1.4-doc.zip" />
    <property name="libs.struts.maven-pom" value="" />
    <property name="netbeans.home+have.tests" value="true" />
    <property name="annotation.processing.processor.options" value="" />
    <property name="libs.testng.maven-pom" value="" />
    <property name="libs.jaxb.src" value="" />
    <property name="work.dir" value="/home/jakub/NetBeansProjects/1D Cutting Stock Problem Simulated Annealing" />
    <property name="libs.jaxb.classpath" value="/home/jakub/netbeans-8.0.2/ide/modules/ext/jaxb/jaxb-impl.jar:/home/jakub/netbeans-8.0.2/ide/modules/ext/jaxb/jaxb-xjc.jar:/home/jakub/netbeans-8.0.2/ide/modules/ext/jaxb/jaxb1-impl.jar:/home/jakub/netbeans-8.0.2/ide/modules/ext/jaxb/activation.jar:/home/jakub/netbeans-8.0.2/ide/modules/ext/jaxb/api/jaxb-api.jar:/home/jakub/netbeans-8.0.2/ide/modules/ext/jaxb/api/jsr173_1.0_api.jar" />
    <property name="do.depend" value="false" />
    <property name="dist.javadoc.dir" value="dist/javadoc" />
    <property name="libs.spring-webmvc3.0.classpath" value="/home/jakub/netbeans-8.0.2/java/modules/ext/spring-3.0/spring-webmvc-3.2.7.RELEASE.jar" />
    <property name="libs.swing-layout.classpath" value="/home/jakub/netbeans-8.0.2/platform/modules/ext/swing-layout-1.0.4.jar" />
    <property name="libs.javaee-web-api-7.0.maven-pom" value="" />
    <property name="libs.restlib.src" value="" />
    <property name="javac.source" value="1.8" />
    <property name="build.generated.dir" value="build/generated" />
    <property name="line.separator" value="&#xa;" />
    <property name="java.specification.version" value="1.8" />
    <property name="java.vm.info" value="mixed mode" />
    <property name="libs.jaxws21.maven-pom" value="" />
    <property name="nb.junit.batch" value="true" />
    <property name="junit.forkmode" value="perTest" />
    <property name="platform.java.tmp" value="${platforms.JDK_8.java}" />
    <property name="sun.boot.class.path" value="/home/jakub/Pobrane/jdk1.8.0_45/jre/lib/resources.jar:/home/jakub/Pobrane/jdk1.8.0_45/jre/lib/rt.jar:/home/jakub/Pobrane/jdk1.8.0_45/jre/lib/sunrsasign.jar:/home/jakub/Pobrane/jdk1.8.0_45/jre/lib/jsse.jar:/home/jakub/Pobrane/jdk1.8.0_45/jre/lib/jce.jar:/home/jakub/Pobrane/jdk1.8.0_45/jre/lib/charsets.jar:/home/jakub/Pobrane/jdk1.8.0_45/jre/lib/jfr.jar:/home/jakub/Pobrane/jdk1.8.0_45/jre/classes" />
    <property name="javac.target" value="1.8" />
    <property name="built-jar.properties" value="/home/jakub/NetBeansProjects/1D Cutting Stock Problem Simulated Annealing/build/built-jar.properties" />
    <property name="build.test.classes.dir" value="build/test/classes" />
    <property name="src.dir" value="src" />
    <property name="libs.jpa2-persistence.src" value="" />
    <property name="annotation.processing.enabled" value="true" />
    <property name="libs.jsf20.src" value="" />
    <property name="libs.jpa20-persistence.src" value="" />
    <property name="libs.jsf12.src" value="" />
    <property name="libs.JAVADB_DRIVER_LABEL.maven-pom" value="" />
    <property name="nbplatform.default.netbeans.dest.dir" value="/home/jakub/netbeans-8.0.2" />
    <property name="libs.struts.javadoc" value="/home/jakub/netbeans-8.0.2/enterprise/docs/struts-1.3.10-javadoc.zip" />
    <property name="ignore.failing.tests" value="true" />
    <property name="libs.Comet-GlassFish-v3.classpath" value="" />
    <property name="libs.javaee-web-api-7.0.src" value="" />
    <property name="libs.primefaces.src" value="" />
    <property name="dist.dir" value="dist" />
    <property name="securerandom.source" value="file:/dev/./urandom" />
    <property name="testng.debug.mode" value="" />
    <property name="java.awt.printerjob" value="sun.print.PSPrinterJob" />
    <property name="default.javac.source" value="1.7" />
    <property name="debug-transport-by-os" value="dt_socket" />
    <property name="sun.jnu.encoding" value="UTF-8" />
    <property name="libs.MySQLDriver.src" value="" />
    <property name="java.runtime.version" value="1.8.0_45-b14" />
    <property name="build.test.results.dir" value="build/test/results" />
    <property name="jna.platform.library.path" value="/usr/lib/x86_64-linux-gnu:/lib/x86_64-linux-gnu:/lib64:/usr/lib:/lib" />
    <property name="default.javac.target" value="1.7" />
    <property name="libs.junit_4.classpath" value="/home/jakub/netbeans-8.0.2/platform/modules/ext/junit-4.10.jar" />
    <property name="user.timezone" value="Europe/Warsaw" />
    <property name="nb.junit.single" value="false" />
    <property name="libs.javaee-endorsed-api-6.0.maven-pom" value="" />
    <property name="libs.JAVADB_DRIVER_LABEL.javadoc" value="" />
    <property name="netbeans.dirs" value="/home/jakub/netbeans-8.0.2/nb:/home/jakub/netbeans-8.0.2/ergonomics:/home/jakub/netbeans-8.0.2/ide:/home/jakub/netbeans-8.0.2/extide:/home/jakub/netbeans-8.0.2/java:/home/jakub/netbeans-8.0.2/apisupport:/home/jakub/netbeans-8.0.2/webcommon:/home/jakub/netbeans-8.0.2/websvccommon:/home/jakub/netbeans-8.0.2/enterprise:/home/jakub/netbeans-8.0.2/mobility:/home/jakub/netbeans-8.0.2/profiler:/home/jakub/netbeans-8.0.2/python:/home/jakub/netbeans-8.0.2/php:/home/jakub/netbeans-8.0.2/identity:/home/jakub/netbeans-8.0.2/harness:/home/jakub/netbeans-8.0.2/cnd:/home/jakub/netbeans-8.0.2/dlight:/home/jakub/netbeans-8.0.2/groovy:/home/jakub/netbeans-8.0.2/extra:/home/jakub/netbeans-8.0.2/javacard:/home/jakub/netbeans-8.0.2/javafx:" />
    <property name="libs.jsf20.javadoc" value="/home/jakub/netbeans-8.0.2/enterprise/docs/javaee-doc-api.jar" />
    <property name="libs.jstl.javadoc" value="/home/jakub/netbeans-8.0.2/enterprise/docs/javaee-doc-api.jar" />
    <property name="java.ext.dirs" value="/home/jakub/Pobrane/jdk1.8.0_45/jre/lib/ext:/usr/java/packages/lib/ext" />
    <property name="libs.metro.src" value="" />
    <property name="libs.absolutelayout.classpath" value="/home/jakub/netbeans-8.0.2/java/modules/ext/AbsoluteLayout.jar" />
    <property name="excludes" value="" />
    <property name="libs.metro.classpath" value="/home/jakub/netbeans-8.0.2/ide/modules/ext/jaxb/activation.jar:/home/jakub/netbeans-8.0.2/enterprise/modules/ext/metro/webservices-api.jar:/home/jakub/netbeans-8.0.2/enterprise/modules/ext/metro/webservices-extra-api.jar:/home/jakub/netbeans-8.0.2/enterprise/modules/ext/metro/webservices-extra.jar:/home/jakub/netbeans-8.0.2/enterprise/modules/ext/metro/webservices-rt.jar:/home/jakub/netbeans-8.0.2/enterprise/modules/ext/metro/webservices-tools.jar" />
    <property name="libs.restlib.maven-pom" value="" />
    <property name="libs.jpa2-persistence.javadoc" value="/home/jakub/netbeans-8.0.2/java/modules/ext/docs/javax.persistence-2.1.0-doc.zip" />
    <property name="apple.laf.useScreenMenuBar" value="true" />
    <property name="java.class.path" value="/home/jakub/NetBeansProjects/1D Cutting Stock Problem Simulated Annealing/build/classes:/home/jakub/netbeans-8.0.2/platform/modules/ext/junit-4.10.jar:/home/jakub/NetBeansProjects/1D Cutting Stock Problem Simulated Annealing/build/test/classes:/home/jakub/netbeans-8.0.2/extide/ant/lib/ant-launcher.jar:/home/jakub/netbeans-8.0.2/extide/ant/lib/ant.jar:/home/jakub/netbeans-8.0.2/extide/ant/lib/ant-junit.jar:/home/jakub/netbeans-8.0.2/extide/ant/lib/ant-junit4.jar" />
    <property name="do.mkdist" value="true" />
    <property name="libs.absolutelayout.src" value="" />
    <property name="libs.jpa20-persistence.classpath" value="/home/jakub/netbeans-8.0.2/java/modules/ext/eclipselink/javax.persistence_2.1.0.v201304241213.jar" />
    <property name="os.version" value="3.16.0-71-generic" />
    <property name="application.args" value="" />
    <property name="libs.EclipseLink-GlassFish-v3.javadoc" value="/home/jakub/netbeans-8.0.2/enterprise/docs/javaee-doc-api.jar" />
    <property name="libs.javaee-api-7.0.maven-pom" value="" />
    <property name="main.class.available" value="true" />
    <property name="sun.awt.enableExtraMouseButtons" value="true" />
    <property name="sun.desktop" value="gnome" />
    <property name="libs.hibernate4-persistence.src" value="" />
    <property name="libs.hibernate4-support.maven-pom" value="" />
    <property name="libs.Comet-GlassFish-v3.src" value="" />
    <property name="libs.restlib.javadoc" value="" />
    <property name="libs.JAXB-ENDORSED.classpath" value="/home/jakub/netbeans-8.0.2/ide/modules/ext/jaxb/api/jaxb-api.jar" />
    <property name="nb.internal.action.name" value="test" />
    <property name="libs.javaee-api-7.0.javadoc" value="/home/jakub/netbeans-8.0.2/enterprise/docs/javaee-doc-api.jar" />
    <property name="libs.eclipselink.classpath" value="/home/jakub/netbeans-8.0.2/java/modules/ext/eclipselink/eclipselink.jar:/home/jakub/netbeans-8.0.2/java/modules/ext/eclipselink/javax.persistence_2.1.0.v201304241213.jar:/home/jakub/netbeans-8.0.2/java/modules/ext/eclipselink/org.eclipse.persistence.jpa.jpql_2.5.2.v20140319-9ad6abd.jar" />
    <property name="libs.beans-binding.javadoc" value="/home/jakub/netbeans-8.0.2/java/docs/beansbinding-1.2.1-doc.zip" />
    <property name="java.awt.graphicsenv" value="sun.awt.X11GraphicsEnvironment" />
    <property name="java.vm.vendor" value="Oracle Corporation" />
    <property name="libs.CopyLibs.classpath" value="/home/jakub/netbeans-8.0.2/java/ant/extra/org-netbeans-modules-java-j2seproject-copylibstask.jar" />
    <property name="libs.spring-framework300.classpath" value="/home/jakub/netbeans-8.0.2/ide/modules/org-apache-commons-logging.jar:/home/jakub/netbeans-8.0.2/java/modules/ext/cglib-2.2.jar:/home/jakub/netbeans-8.0.2/java/modules/ext/spring-3.0/spring-aop-3.2.7.RELEASE.jar:/home/jakub/netbeans-8.0.2/java/modules/ext/spring-3.0/spring-aspects-3.2.7.RELEASE.jar:/home/jakub/netbeans-8.0.2/java/modules/ext/spring-3.0/spring-beans-3.2.7.RELEASE.jar:/home/jakub/netbeans-8.0.2/java/modules/ext/spring-3.0/spring-build-src-3.2.7.RELEASE.jar:/home/jakub/netbeans-8.0.2/java/modules/ext/spring-3.0/spring-context-3.2.7.RELEASE.jar:/home/jakub/netbeans-8.0.2/java/modules/ext/spring-3.0/spring-context-support-3.2.7.RELEASE.jar:/home/jakub/netbeans-8.0.2/java/modules/ext/spring-3.0/spring-core-3.2.7.RELEASE.jar:/home/jakub/netbeans-8.0.2/java/modules/ext/spring-3.0/spring-expression-3.2.7.RELEASE.jar:/home/jakub/netbeans-8.0.2/java/modules/ext/spring-3.0/spring-framework-bom-3.2.7.RELEASE.jar:/home/jakub/netbeans-8.0.2/java/modules/ext/spring-3.0/spring-instrument-3.2.7.RELEASE.jar:/home/jakub/netbeans-8.0.2/java/modules/ext/spring-3.0/spring-instrument-tomcat-3.2.7.RELEASE.jar:/home/jakub/netbeans-8.0.2/java/modules/ext/spring-3.0/spring-jdbc-3.2.7.RELEASE.jar:/home/jakub/netbeans-8.0.2/java/modules/ext/spring-3.0/spring-jms-3.2.7.RELEASE.jar:/home/jakub/netbeans-8.0.2/java/modules/ext/spring-3.0/spring-orm-3.2.7.RELEASE.jar:/home/jakub/netbeans-8.0.2/java/modules/ext/spring-3.0/spring-oxm-3.2.7.RELEASE.jar:/home/jakub/netbeans-8.0.2/java/modules/ext/spring-3.0/spring-struts-3.2.7.RELEASE.jar:/home/jakub/netbeans-8.0.2/java/modules/ext/spring-3.0/spring-test-3.2.7.RELEASE.jar:/home/jakub/netbeans-8.0.2/java/modules/ext/spring-3.0/spring-tx-3.2.7.RELEASE.jar:/home/jakub/netbeans-8.0.2/java/modules/ext/spring-3.0/spring-web-3.2.7.RELEASE.jar:/home/jakub/netbeans-8.0.2/java/modules/ext/spring-3.0/spring-webmvc-3.2.7.RELEASE.jar:/home/jakub/netbeans-8.0.2/java/modules/ext/spring-3.0/spring-webmvc-portlet-3.2.7.RELEASE.jar" />
    <property name="libs.jsp-compiler.maven-pom" value="" />
    <property name="run.jvmargs" value="" />
    <property name="libs.hibernate4-persistence.classpath" value="/home/jakub/netbeans-8.0.2/java/modules/ext/hibernate4/antlr-2.7.7.jar:/home/jakub/netbeans-8.0.2/java/modules/ext/hibernate4/c3p0-0.9.2.1.jar:/home/jakub/netbeans-8.0.2/java/modules/ext/hibernate4/hibernate-c3p0-4.3.1.Final.jar:/home/jakub/netbeans-8.0.2/java/modules/ext/hibernate4/mchange-commons-java-0.2.3.4.jar:/home/jakub/netbeans-8.0.2/java/modules/ext/hibernate4/dom4j-1.6.1.jar:/home/jakub/netbeans-8.0.2/java/modules/ext/hibernate4/ehcache-core-2.4.3.jar:/home/jakub/netbeans-8.0.2/java/modules/ext/hibernate4/hibernate-ehcache-4.3.1.Final.jar:/home/jakub/netbeans-8.0.2/java/modules/ext/hibernate4/hibernate-core-4.3.1.Final.jar:/home/jakub/netbeans-8.0.2/java/modules/ext/hibernate4/jboss-logging-3.1.3.GA.jar:/home/jakub/netbeans-8.0.2/java/modules/ext/hibernate4/hibernate-commons-annotations-4.0.4.Final.jar:/home/jakub/netbeans-8.0.2/java/modules/ext/hibernate4/hibernate-entitymanager-4.3.1.Final.jar:/home/jakub/netbeans-8.0.2/java/modules/ext/hibernate4/javassist-3.18.1-GA.jar:/home/jakub/netbeans-8.0.2/java/modules/ext/hibernate4/jboss-transaction-api_1.2_spec-1.0.0.Final.jar:/home/jakub/netbeans-8.0.2/java/modules/ext/hibernate4/slf4j-api-1.6.1.jar:/home/jakub/netbeans-8.0.2/java/modules/ext/hibernate4/slf4j-simple-1.6.1.jar:/home/jakub/netbeans-8.0.2/java/modules/ext/hibernate4/hibernate-jpa-2.1-api-1.0.0.Final.jar" />
    <property name="libs.JAXB-ENDORSED.src" value="" />
    <property name="dist.archive.excludes" value="" />
    <property name="libs.testng.javadoc" value="/home/jakub/netbeans-8.0.2/platform/docs/testng-6.8.1-javadoc.zip" />
    <property name="libs.PostgreSQLDriver.classpath" value="/home/jakub/netbeans-8.0.2/ide/modules/ext/postgresql-9.2-1002.jdbc4.jar" />
    <property name="libs.jsf12.maven-pom" value="" />
    <property name="libs.hibernate4-persistencemodelgen.classpath" value="/home/jakub/netbeans-8.0.2/java/modules/ext/hibernate4/hibernate-jpamodelgen-4.3.1.Final.jar" />
    <property name="libs.junit.src" value="" />
    <property name="annotation.processing.source.output" value="build/generated-sources/ap-source-output" />
    <property name="main.class" value="sa.Main" />
    <property name="libs.CopyLibs.src" value="" />
    <property name="build.dir" value="build" />
    <property name="libs.jsp-compilation.classpath" value="/home/jakub/netbeans-8.0.2/extide/ant/lib/ant.jar:/home/jakub/netbeans-8.0.2/enterprise/modules/ext/servlet3.1-jsp2.3-api.jar:/home/jakub/netbeans-8.0.2/enterprise/modules/ext/glassfish-jspparser-4.0.jar:/home/jakub/netbeans-8.0.2/enterprise/modules/ext/jsf-2_2/javax.faces.jar:/home/jakub/netbeans-8.0.2/enterprise/modules/ext/jstl-api.jar:/home/jakub/netbeans-8.0.2/extide/ant/lib/ant-launcher.jar" />
    <property name="ant.version" value="Apache Ant(TM) version 1.9.4 compiled on April 29 2014" />
    <property name="file.encoding" value="UTF-8" />
    <property name="build.classes.excludes" value="**/*.java,**/*.form" />
    <property name="javadoc.nonavbar" value="false" />
    <property name="libs.spring-webmvc4.0.classpath" value="/home/jakub/netbeans-8.0.2/java/modules/ext/spring-4/spring-webmvc-4.0.1.RELEASE.jar" />
    <property name="platform.active" value="JDK_8" />
    <property name="awt.toolkit" value="sun.awt.X11.XToolkit" />
    <property name="libs.javaee-web-api-7.0.javadoc" value="/home/jakub/netbeans-8.0.2/enterprise/docs/javaee-doc-api.jar" />
  </properties>
  <testcase classname="neighborhood.RandomNeighborsGeneratorTest" name="testGeneratedNeighborHasRightStacks" time="0.015" />
  <testcase classname="neighborhood.RandomNeighborsGeneratorTest" name="testGeneratedNeighborIsNotTheSame" time="0.001" />
  <system-out><![CDATA[]]></system-out>
  <system-err><![CDATA[]]></system-err>
</testsuite>
